<?xml version="1.0" encoding="UTF-8"?>
<!-- Generated by org.testng.reporters.JUnitReportReporter -->
<testsuite hostname="LAPTOP-P1Q7QMTK" failures="0" tests="1" name="ExtentReportDemo" time="4.108" errors="0" timestamp="2024-10-08T21:47:43 IST" skipped="0">
  <testcase classname="ExtentReportDemo" name="initailDemo" time="4.108"/>
</testsuite> <!-- ExtentReportDemo -->
